 customer_id 
-------------
           1
           2
          12
          15
          16
          17
          18
          21
          30
          32
          37
          39
          41
          45
          47
          48
          49
          54
          57
          58
          60
          74
          80
          81
          84
          85
         108
         109
         110
         118
         120
         131
         134
         142
         145
         149
         155
         158
         160
         161
         172
         178
         187
         189
         194
         197
         198
         200
         215
         221
         225
         226
         228
         230
         235
         242
         244
         248
         249
         260
         264
         267
         269
         274
         275
         276
         277
         278
         279
         280
         285
         287
         290
         291
         293
         295
         296
         297
         298
         300
         301
         303
         305
         314
         327
         331
         341
         349
         351
         354
         360
         362
         380
         395
         397
         401
         403
         410
         417
         426
         433
         441
         444
         446
         453
         454
         459
         467
         472
         481
         486
         492
         493
         497
         505
         517
         519
         530
         536
         541
         542
         544
         558
         562
         565
         573
         576
         594
         597
         599
(130 rows)

